Sat May 31 23:47:08 PDT 2025 [SOUND DETECTED] BUZZ ACTIVATED
Sat May 31 23:47:08 PDT 2025 [MUSIC] Now playing: DJ Mustard
Sat May 31 23:47:13 PDT 2025 [SOUND DETECTED] BUZZ ACTIVATED
Sat May 31 23:47:18 PDT 2025 [SOUND DETECTED] BUZZ ACTIVATED
Sat May 31 23:47:23 PDT 2025 [SOUND DETECTED] BUZZ ACTIVATED
Sat May 31 23:47:28 PDT 2025 [SOUND DETECTED] BUZZ ACTIVATED
Sat May 31 23:47:33 PDT 2025 [SOUND DETECTED] BUZZ ACTIVATED
Sat May 31 23:47:38 PDT 2025 [SOUND DETECTED] BUZZ ACTIVATED
Sat May 31 23:47:43 PDT 2025 [SOUND DETECTED] BUZZ ACTIVATED
Sat May 31 23:47:48 PDT 2025 [SOUND DETECTED] BUZZ ACTIVATED
Sat May 31 23:47:52 PDT 2025 [SOUND DETECTED] BUZZ ACTIVATED
Sat May 31 23:47:52 PDT 2025 [MUSIC] Now playing: BlueBucksClan
Sat May 31 23:47:53 PDT 2025 [SOUND DETECTED] BUZZ ACTIVATED
Sat May 31 23:47:57 PDT 2025 [SOUND DETECTED] BUZZ ACTIVATED
Sat May 31 23:47:58 PDT 2025 [SOUND DETECTED] BUZZ ACTIVATED
Sat May 31 23:48:02 PDT 2025 [SOUND DETECTED] BUZZ ACTIVATED
Sat May 31 23:48:03 PDT 2025 [SOUND DETECTED] BUZZ ACTIVATED
Sat May 31 23:48:07 PDT 2025 [SOUND DETECTED] BUZZ ACTIVATED
Sat May 31 23:48:08 PDT 2025 [SOUND DETECTED] BUZZ ACTIVATED
Sat May 31 23:48:08 PDT 2025 [MUSIC] Now playing: Joe Moses
Sat May 31 23:48:12 PDT 2025 [SOUND DETECTED] BUZZ ACTIVATED
Sat May 31 23:48:13 PDT 2025 [SOUND DETECTED] BUZZ ACTIVATED
Sat May 31 23:48:17 PDT 2025 [SOUND DETECTED] BUZZ ACTIVATED
Sat May 31 23:48:18 PDT 2025 [SOUND DETECTED] BUZZ ACTIVATED
Sat May 31 23:48:22 PDT 2025 [SOUND DETECTED] BUZZ ACTIVATED
Sat May 31 23:48:23 PDT 2025 [SOUND DETECTED] BUZZ ACTIVATED
Sat May 31 23:48:27 PDT 2025 [SOUND DETECTED] BUZZ ACTIVATED
Sat May 31 23:48:28 PDT 2025 [SOUND DETECTED] BUZZ ACTIVATED
Sat May 31 23:48:32 PDT 2025 [SOUND DETECTED] BUZZ ACTIVATED
Sat May 31 23:48:33 PDT 2025 [SOUND DETECTED] BUZZ ACTIVATED
Sat May 31 23:48:37 PDT 2025 [SOUND DETECTED] BUZZ ACTIVATED
Sat May 31 23:48:42 PDT 2025 [SOUND DETECTED] BUZZ ACTIVATED
Sat May 31 23:48:43 PDT 2025 [SOUND DETECTED] BUZZ ACTIVATED
Sat May 31 23:48:47 PDT 2025 [SOUND DETECTED] BUZZ ACTIVATED
Sat May 31 23:48:48 PDT 2025 [SOUND DETECTED] BUZZ ACTIVATED
Sat May 31 23:48:52 PDT 2025 [SOUND DETECTED] BUZZ ACTIVATED
Sat May 31 23:48:52 PDT 2025 [MUSIC] Now playing: Joe Moses
Sat May 31 23:48:53 PDT 2025 [SOUND DETECTED] BUZZ ACTIVATED
Sat May 31 23:48:56 PDT 2025 [SOUND DETECTED] BUZZ ACTIVATED
Sat May 31 23:48:56 PDT 2025 [MUSIC] Now playing: YG 400
Sat May 31 23:48:57 PDT 2025 [SOUND DETECTED] BUZZ ACTIVATED
Sat May 31 23:48:58 PDT 2025 [SOUND DETECTED] BUZZ ACTIVATED
Sat May 31 23:49:01 PDT 2025 [SOUND DETECTED] BUZZ ACTIVATED
Sat May 31 23:49:02 PDT 2025 [SOUND DETECTED] BUZZ ACTIVATED
Sat May 31 23:49:03 PDT 2025 [SOUND DETECTED] BUZZ ACTIVATED
Sat May 31 23:49:07 PDT 2025 [SOUND DETECTED] BUZZ ACTIVATED
Sat May 31 23:49:07 PDT 2025 [SOUND DETECTED] BUZZ ACTIVATED
Sat May 31 23:49:08 PDT 2025 [SOUND DETECTED] BUZZ ACTIVATED
Sat May 31 23:49:08 PDT 2025 [MUSIC] Now playing: Drakeo
Sat May 31 23:49:11 PDT 2025 [SOUND DETECTED] BUZZ ACTIVATED
Sat May 31 23:49:12 PDT 2025 [SOUND DETECTED] BUZZ ACTIVATED
Sat May 31 23:49:13 PDT 2025 [SOUND DETECTED] BUZZ ACTIVATED
Sat May 31 23:49:16 PDT 2025 [SOUND DETECTED] BUZZ ACTIVATED
Sat May 31 23:49:17 PDT 2025 [SOUND DETECTED] BUZZ ACTIVATED
Sat May 31 23:49:18 PDT 2025 [SOUND DETECTED] BUZZ ACTIVATED
Sat May 31 23:49:21 PDT 2025 [SOUND DETECTED] BUZZ ACTIVATED
Sat May 31 23:49:22 PDT 2025 [SOUND DETECTED] BUZZ ACTIVATED
Sat May 31 23:49:23 PDT 2025 [SOUND DETECTED] BUZZ ACTIVATED
Sat May 31 23:49:26 PDT 2025 [SOUND DETECTED] BUZZ ACTIVATED
Sat May 31 23:49:27 PDT 2025 [SOUND DETECTED] BUZZ ACTIVATED
Sat May 31 23:49:28 PDT 2025 [SOUND DETECTED] BUZZ ACTIVATED
Sat May 31 23:49:31 PDT 2025 [SOUND DETECTED] BUZZ ACTIVATED
Sat May 31 23:49:32 PDT 2025 [SOUND DETECTED] BUZZ ACTIVATED
Sat May 31 23:49:33 PDT 2025 [SOUND DETECTED] BUZZ ACTIVATED
Sat May 31 23:49:36 PDT 2025 [SOUND DETECTED] BUZZ ACTIVATED
Sat May 31 23:49:37 PDT 2025 [SOUND DETECTED] BUZZ ACTIVATED
Sat May 31 23:49:38 PDT 2025 [SOUND DETECTED] BUZZ ACTIVATED
Sat May 31 23:49:41 PDT 2025 [SOUND DETECTED] BUZZ ACTIVATED
Sat May 31 23:49:42 PDT 2025 [SOUND DETECTED] BUZZ ACTIVATED
Sat May 31 23:49:43 PDT 2025 [SOUND DETECTED] BUZZ ACTIVATED
Sat May 31 23:49:47 PDT 2025 [SOUND DETECTED] BUZZ ACTIVATED
Sat May 31 23:49:48 PDT 2025 [SOUND DETECTED] BUZZ ACTIVATED
Sat May 31 23:49:51 PDT 2025 [SOUND DETECTED] BUZZ ACTIVATED
Sat May 31 23:49:52 PDT 2025 [SOUND DETECTED] BUZZ ACTIVATED
Sat May 31 23:49:52 PDT 2025 [MUSIC] Now playing: Drakeo
Sat May 31 23:49:53 PDT 2025 [SOUND DETECTED] BUZZ ACTIVATED
Sat May 31 23:49:56 PDT 2025 [MUSIC] Now playing: DJ Mustard
Sat May 31 23:49:56 PDT 2025 [SOUND DETECTED] BUZZ ACTIVATED
Sat May 31 23:49:57 PDT 2025 [SOUND DETECTED] BUZZ ACTIVATED
Sat May 31 23:49:58 PDT 2025 [SOUND DETECTED] BUZZ ACTIVATED
Sat May 31 23:50:01 PDT 2025 [SOUND DETECTED] BUZZ ACTIVATED
Sat May 31 23:50:02 PDT 2025 [SOUND DETECTED] BUZZ ACTIVATED
Sat May 31 23:50:03 PDT 2025 [SOUND DETECTED] BUZZ ACTIVATED
Sat May 31 23:50:06 PDT 2025 [SOUND DETECTED] BUZZ ACTIVATED
Sat May 31 23:50:07 PDT 2025 [SOUND DETECTED] BUZZ ACTIVATED
Sat May 31 23:50:08 PDT 2025 [SOUND DETECTED] BUZZ ACTIVATED
Sat May 31 23:50:08 PDT 2025 [MUSIC] Now playing: YG 400
Sat May 31 23:50:11 PDT 2025 [SOUND DETECTED] BUZZ ACTIVATED
Sat May 31 23:50:12 PDT 2025 [SOUND DETECTED] BUZZ ACTIVATED
Sat May 31 23:50:13 PDT 2025 [SOUND DETECTED] BUZZ ACTIVATED
Sat May 31 23:50:16 PDT 2025 [SOUND DETECTED] BUZZ ACTIVATED
Sat May 31 23:50:17 PDT 2025 [SOUND DETECTED] BUZZ ACTIVATED
Sat May 31 23:50:18 PDT 2025 [SOUND DETECTED] BUZZ ACTIVATED
Sat May 31 23:50:21 PDT 2025 [SOUND DETECTED] BUZZ ACTIVATED
Sat May 31 23:50:22 PDT 2025 [SOUND DETECTED] BUZZ ACTIVATED
Sat May 31 23:50:23 PDT 2025 [SOUND DETECTED] BUZZ ACTIVATED
Sat May 31 23:50:23 PDT 2025 [SOUND DETECTED] BUZZ ACTIVATED
Sat May 31 23:50:23 PDT 2025 [MUSIC] Now playing: Ty Dolla 
Sat May 31 23:50:26 PDT 2025 [SOUND DETECTED] BUZZ ACTIVATED
Sat May 31 23:50:27 PDT 2025 [SOUND DETECTED] BUZZ ACTIVATED
Sat May 31 23:50:28 PDT 2025 [SOUND DETECTED] BUZZ ACTIVATED
Sat May 31 23:50:31 PDT 2025 [SOUND DETECTED] BUZZ ACTIVATED
Sat May 31 23:50:32 PDT 2025 [SOUND DETECTED] BUZZ ACTIVATED
Sat May 31 23:50:33 PDT 2025 [SOUND DETECTED] BUZZ ACTIVATED
Sat May 31 23:50:33 PDT 2025 [SOUND DETECTED] BUZZ ACTIVATED
Sat May 31 23:50:36 PDT 2025 [SOUND DETECTED] BUZZ ACTIVATED
Sat May 31 23:50:37 PDT 2025 [SOUND DETECTED] BUZZ ACTIVATED
Sat May 31 23:50:38 PDT 2025 [SOUND DETECTED] BUZZ ACTIVATED
Sat May 31 23:50:38 PDT 2025 [SOUND DETECTED] BUZZ ACTIVATED
Sat May 31 23:50:41 PDT 2025 [SOUND DETECTED] BUZZ ACTIVATED
Sat May 31 23:50:42 PDT 2025 [SOUND DETECTED] BUZZ ACTIVATED
Sat May 31 23:50:43 PDT 2025 [SOUND DETECTED] BUZZ ACTIVATED
Sat May 31 23:50:43 PDT 2025 [SOUND DETECTED] BUZZ ACTIVATED
Sat May 31 23:50:46 PDT 2025 [SOUND DETECTED] BUZZ ACTIVATED
Sat May 31 23:50:47 PDT 2025 [SOUND DETECTED] BUZZ ACTIVATED
Sat May 31 23:50:48 PDT 2025 [SOUND DETECTED] BUZZ ACTIVATED
Sat May 31 23:50:51 PDT 2025 [SOUND DETECTED] BUZZ ACTIVATED
Sat May 31 23:50:52 PDT 2025 [SOUND DETECTED] BUZZ ACTIVATED
Sat May 31 23:50:52 PDT 2025 [MUSIC] Now playing: Joe Moses
Sat May 31 23:50:53 PDT 2025 [SOUND DETECTED] BUZZ ACTIVATED
Sat May 31 23:50:53 PDT 2025 [SOUND DETECTED] BUZZ ACTIVATED
Sat May 31 23:50:56 PDT 2025 [SOUND DETECTED] BUZZ ACTIVATED
Sat May 31 23:50:56 PDT 2025 [MUSIC] Now playing: Ty Dolla 
Sat May 31 23:50:57 PDT 2025 [SOUND DETECTED] BUZZ ACTIVATED
Sat May 31 23:50:58 PDT 2025 [SOUND DETECTED] BUZZ ACTIVATED
Sat May 31 23:50:58 PDT 2025 [SOUND DETECTED] BUZZ ACTIVATED
Sat May 31 23:51:01 PDT 2025 [SOUND DETECTED] BUZZ ACTIVATED
Sat May 31 23:51:02 PDT 2025 [SOUND DETECTED] BUZZ ACTIVATED
Sat May 31 23:51:03 PDT 2025 [SOUND DETECTED] BUZZ ACTIVATED
Sat May 31 23:51:03 PDT 2025 [SOUND DETECTED] BUZZ ACTIVATED
Sat May 31 23:51:06 PDT 2025 [SOUND DETECTED] BUZZ ACTIVATED
Sat May 31 23:51:07 PDT 2025 [SOUND DETECTED] BUZZ ACTIVATED
Sat May 31 23:51:08 PDT 2025 [SOUND DETECTED] BUZZ ACTIVATED
Sat May 31 23:51:08 PDT 2025 [MUSIC] Now playing: Joe Moses
Sat May 31 23:51:08 PDT 2025 [SOUND DETECTED] BUZZ ACTIVATED
Sat May 31 23:51:11 PDT 2025 [SOUND DETECTED] BUZZ ACTIVATED
Sat May 31 23:51:12 PDT 2025 [SOUND DETECTED] BUZZ ACTIVATED
Sat May 31 23:51:13 PDT 2025 [SOUND DETECTED] BUZZ ACTIVATED
Sat May 31 23:51:13 PDT 2025 [SOUND DETECTED] BUZZ ACTIVATED
Sat May 31 23:51:16 PDT 2025 [SOUND DETECTED] BUZZ ACTIVATED
Sat May 31 23:51:17 PDT 2025 [SOUND DETECTED] BUZZ ACTIVATED
Sat May 31 23:51:18 PDT 2025 [SOUND DETECTED] BUZZ ACTIVATED
Sat May 31 23:51:18 PDT 2025 [SOUND DETECTED] BUZZ ACTIVATED
Sat May 31 23:51:21 PDT 2025 [SOUND DETECTED] BUZZ ACTIVATED
Sat May 31 23:51:22 PDT 2025 [SOUND DETECTED] BUZZ ACTIVATED
Sat May 31 23:51:23 PDT 2025 [SOUND DETECTED] BUZZ ACTIVATED
Sat May 31 23:51:23 PDT 2025 [MUSIC] Now playing: DJ Mustard
Sat May 31 23:51:23 PDT 2025 [SOUND DETECTED] BUZZ ACTIVATED
Sat May 31 23:51:26 PDT 2025 [SOUND DETECTED] BUZZ ACTIVATED
Sat May 31 23:51:27 PDT 2025 [SOUND DETECTED] BUZZ ACTIVATED
Sat May 31 23:51:28 PDT 2025 [SOUND DETECTED] BUZZ ACTIVATED
Sat May 31 23:51:28 PDT 2025 [SOUND DETECTED] BUZZ ACTIVATED
Sat May 31 23:51:31 PDT 2025 [SOUND DETECTED] BUZZ ACTIVATED
Sat May 31 23:51:32 PDT 2025 [SOUND DETECTED] BUZZ ACTIVATED
Sat May 31 23:51:33 PDT 2025 [SOUND DETECTED] BUZZ ACTIVATED
Sat May 31 23:51:33 PDT 2025 [SOUND DETECTED] BUZZ ACTIVATED
Sat May 31 23:51:36 PDT 2025 [SOUND DETECTED] BUZZ ACTIVATED
Sat May 31 23:51:37 PDT 2025 [SOUND DETECTED] BUZZ ACTIVATED
Sat May 31 23:51:38 PDT 2025 [SOUND DETECTED] BUZZ ACTIVATED
